#! /c/Source/iverilog-install/bin/vvp
:ivl_version "12.0 (devel)" "(s20150603-1539-g2693dd32b)";
:ivl_delay_selection "TYPICAL";
:vpi_time_precision + 0;
:vpi_module "C:\iverilog\lib\ivl\system.vpi";
:vpi_module "C:\iverilog\lib\ivl\vhdl_sys.vpi";
:vpi_module "C:\iverilog\lib\ivl\vhdl_textio.vpi";
:vpi_module "C:\iverilog\lib\ivl\v2005_math.vpi";
:vpi_module "C:\iverilog\lib\ivl\va_math.vpi";
S_0000023255229240 .scope module, "Exe_mem" "Exe_mem" 2 7;
 .timescale 0 0;
L_00000232551f9aa0 .functor BUFZ 16, v0000023255247660_0, C4<0000000000000000>, C4<0000000000000000>, C4<0000000000000000>;
L_00000232551f9870 .functor BUFZ 1, v0000023255243380_0, C4<0>, C4<0>, C4<0>;
L_00000232551f98e0 .functor BUFZ 16, v00000232552468a0_0, C4<0000000000000000>, C4<0000000000000000>, C4<0000000000000000>;
L_00000232551f9e20 .functor BUFZ 16, v0000023255246760_0, C4<0000000000000000>, C4<0000000000000000>, C4<0000000000000000>;
L_00000232551fa670 .functor BUFZ 16, v0000023255245a40_0, C4<0000000000000000>, C4<0000000000000000>, C4<0000000000000000>;
L_00000232551f9bf0 .functor BUFZ 16, v0000023255246d00_0, C4<0000000000000000>, C4<0000000000000000>, C4<0000000000000000>;
L_00000232551fa6e0 .functor BUFZ 16, v0000023255245b80_0, C4<0000000000000000>, C4<0000000000000000>, C4<0000000000000000>;
L_00000232551fa590 .functor BUFZ 16, v0000023255247700_0, C4<0000000000000000>, C4<0000000000000000>, C4<0000000000000000>;
L_00000232551f9d40 .functor BUFZ 16, v0000023255246080_0, C4<0000000000000000>, C4<0000000000000000>, C4<0000000000000000>;
L_00000232551f9e90 .functor BUFZ 16, v00000232552461c0_0, C4<0000000000000000>, C4<0000000000000000>, C4<0000000000000000>;
L_00000232551fa0c0 .functor BUFZ 4, v00000232552469e0_0, C4<0000>, C4<0000>, C4<0000>;
L_00000232551fa210 .functor BUFZ 16, v00000232552432e0_0, C4<0000000000000000>, C4<0000000000000000>, C4<0000000000000000>;
L_00000232551f9f00 .functor BUFZ 1, v0000023255245cc0_0, C4<0>, C4<0>, C4<0>;
L_00000232551f99c0 .functor BUFZ 8, v0000023255245860_0, C4<00000000>, C4<00000000>, C4<00000000>;
v0000023255243100_0 .net "ALU_output", 15 0, L_000002325524b4d0;  1 drivers
v0000023255243240_0 .net "AluOutput", 15 0, L_00000232551fa210;  1 drivers
v00000232552432e0_0 .var "AluOutput_reg", 15 0;
v0000023255243d80_0 .var "Data_from_mem", 15 0;
v0000023255244280_0 .var "aluoutput", 15 0;
v00000232552441e0_0 .net "checkwdata", 0 0, L_000002325524acf0;  1 drivers
v0000023255243880_0 .var "checkwdata_wb", 0 0;
v0000023255243f60_0 .net "ciwire", 19 0, L_00000232551f9f70;  1 drivers
v0000023255243380_0 .var "clk", 0 0;
v00000232552434c0_0 .net "clkwire", 0 0, L_00000232551f9870;  1 drivers
v00000232552437e0_0 .var "current_instruction", 19 0;
v0000023255244000_0 .net "dest_reg_wire", 3 0, L_000002325524a180;  1 drivers
v0000023255244640_0 .var "done", 0 0;
v0000023255244140_0 .var/i "i", 31 0;
v0000023255243600_0 .var "imm", 7 0;
v00000232552443c0_0 .var "inst", 3 0;
v00000232552436a0_0 .net "instruction", 3 0, L_000002325524ae40;  1 drivers
v0000023255244460_0 .net "instruction_4_bits", 3 0, L_00000232551fa280;  1 drivers
v0000023255244500_0 .var "instructioni", 3 0;
v00000232552445a0_0 .net "instrwire", 7 0, L_000002325524ac10;  1 drivers
v0000023255247520_0 .net "jump_address", 7 0, L_00000232551f99c0;  1 drivers
v0000023255246c60_0 .net "jump_address_exe", 7 0, L_0000023255248a60;  1 drivers
v0000023255245860_0 .var "jump_address_reg", 7 0;
v0000023255245900_0 .net "jump_selector", 0 0, L_00000232551f9f00;  1 drivers
v0000023255246bc0_0 .net "jump_selector_exe", 0 0, L_000002325524b0e0;  1 drivers
v0000023255245cc0_0 .var "jump_selector_reg", 0 0;
v0000023255246940_0 .net "ldst", 3 0, L_000002325524aa50;  1 drivers
v00000232552459a0_0 .var "ldsti", 3 0;
v0000023255246800_0 .var "linenum", 3 0;
v0000023255247200_0 .net "memwire", 3 0, L_00000232551fa520;  1 drivers
o0000023255252218 .functor BUFZ 8, C4<zzzzzzzz>; HiZ drive
v0000023255246620_0 .net "npc_out", 7 0, o0000023255252218;  0 drivers
v0000023255245ea0_0 .var "npci", 7 0;
v00000232552472a0_0 .var "op1", 15 0;
v0000023255245c20_0 .var "op2", 15 0;
v0000023255245f40_0 .net "opcode_out", 3 0, L_000002325524b230;  1 drivers
v0000023255246ee0_0 .var "pc", 7 0;
v00000232552468a0_0 .var "reg1", 15 0;
v0000023255245e00_0 .net "reg1_out", 15 0, L_000002325524b070;  1 drivers
v0000023255246760_0 .var "reg2", 15 0;
v0000023255246580_0 .net "reg2_out", 15 0, L_000002325524b5b0;  1 drivers
v0000023255245a40_0 .var "reg3", 15 0;
v00000232552464e0_0 .net "reg3_out", 15 0, L_000002325524ad60;  1 drivers
v0000023255246d00_0 .var "reg4", 15 0;
v0000023255245ae0_0 .net "reg4_out", 15 0, L_000002325524aba0;  1 drivers
v0000023255245b80_0 .var "reg5", 15 0;
v0000023255245fe0_0 .net "reg5_out", 15 0, L_000002325524ac80;  1 drivers
v0000023255247700_0 .var "reg6", 15 0;
v0000023255245d60_0 .net "reg6_out", 15 0, L_000002325524add0;  1 drivers
v0000023255246080_0 .var "reg7", 15 0;
v0000023255246120_0 .net "reg7_out", 15 0, L_000002325524af20;  1 drivers
v00000232552461c0_0 .var "reg8", 15 0;
v0000023255246260_0 .net "reg8_out", 15 0, L_000002325524b310;  1 drivers
v00000232552463a0_0 .net "regNos", 3 0, L_00000232551fa0c0;  1 drivers
v00000232552469e0_0 .var "regNos_reg", 3 0;
v0000023255246300_0 .net "reg_data_1_wire", 15 0, L_00000232551fa050;  1 drivers
v0000023255246440_0 .net "reg_data_2_wire", 15 0, L_00000232551fa2f0;  1 drivers
v00000232552466c0_0 .net "regdest", 3 0, L_000002325524b000;  1 drivers
v0000023255246a80_0 .var "regdesti", 3 0;
v0000023255246b20_0 .var "registernum", 3 0;
v00000232552473e0_0 .net "regnum", 3 0, L_000002325524ab30;  1 drivers
v0000023255246da0_0 .net "regwire1", 15 0, L_00000232551f98e0;  1 drivers
v0000023255246e40_0 .net "regwire2", 15 0, L_00000232551f9e20;  1 drivers
v0000023255246f80_0 .net "regwire3", 15 0, L_00000232551fa670;  1 drivers
v0000023255247020_0 .net "regwire4", 15 0, L_00000232551f9bf0;  1 drivers
v00000232552470c0_0 .net "regwire5", 15 0, L_00000232551fa6e0;  1 drivers
v0000023255247160_0 .net "regwire6", 15 0, L_00000232551fa590;  1 drivers
v0000023255247340_0 .net "regwire7", 15 0, L_00000232551f9d40;  1 drivers
v0000023255247480_0 .net "regwire8", 15 0, L_00000232551f9e90;  1 drivers
v00000232552475c0_0 .net "wdata", 15 0, L_000002325524b2a0;  1 drivers
v0000023255247660_0 .var "wdatareg", 15 0;
v000002325524a220_0 .net "wdataregw", 15 0, L_00000232551f9aa0;  1 drivers
E_0000023255214810 .event negedge, v0000023255243380_0;
S_00000232552278c0 .scope module, "D" "write_back" 2 61, 3 1 0, S_0000023255229240;
 .timescale 0 0;
    .port_info 0 /INPUT 1 "clkwire";
    .port_info 1 /INPUT 1 "writeToReg";
    .port_info 2 /INPUT 16 "writeData";
    .port_info 3 /INPUT 4 "regNos";
    .port_info 4 /INPUT 16 "reg1_in";
    .port_info 5 /INPUT 16 "reg2_in";
    .port_info 6 /INPUT 16 "reg3_in";
    .port_info 7 /INPUT 16 "reg4_in";
    .port_info 8 /INPUT 16 "reg5_in";
    .port_info 9 /INPUT 16 "reg6_in";
    .port_info 10 /INPUT 16 "reg7_in";
    .port_info 11 /INPUT 16 "reg8_in";
    .port_info 12 /OUTPUT 16 "reg1_out";
    .port_info 13 /OUTPUT 16 "reg2_out";
    .port_info 14 /OUTPUT 16 "reg3_out";
    .port_info 15 /OUTPUT 16 "reg4_out";
    .port_info 16 /OUTPUT 16 "reg5_out";
    .port_info 17 /OUTPUT 16 "reg6_out";
    .port_info 18 /OUTPUT 16 "reg7_out";
    .port_info 19 /OUTPUT 16 "reg8_out";
L_000002325524b070 .functor BUFZ 16, v00000232551a3440_0, C4<0000000000000000>, C4<0000000000000000>, C4<0000000000000000>;
L_000002325524b5b0 .functor BUFZ 16, v0000023255242230_0, C4<0000000000000000>, C4<0000000000000000>, C4<0000000000000000>;
L_000002325524ad60 .functor BUFZ 16, v0000023255242690_0, C4<0000000000000000>, C4<0000000000000000>, C4<0000000000000000>;
L_000002325524aba0 .functor BUFZ 16, v00000232552422d0_0, C4<0000000000000000>, C4<0000000000000000>, C4<0000000000000000>;
L_000002325524ac80 .functor BUFZ 16, v0000023255241b50_0, C4<0000000000000000>, C4<0000000000000000>, C4<0000000000000000>;
L_000002325524add0 .functor BUFZ 16, v0000023255242370_0, C4<0000000000000000>, C4<0000000000000000>, C4<0000000000000000>;
L_000002325524af20 .functor BUFZ 16, v00000232552425f0_0, C4<0000000000000000>, C4<0000000000000000>, C4<0000000000000000>;
L_000002325524b310 .functor BUFZ 16, v0000023255241a10_0, C4<0000000000000000>, C4<0000000000000000>, C4<0000000000000000>;
v000002325521c0f0_0 .var "ADD", 3 0;
v0000023254f7ba70_0 .var "BEQ", 3 0;
v0000023254f77000_0 .var "BNE", 3 0;
v0000023255227a50_0 .var "LW", 3 0;
v00000232551941a0_0 .var "MUL", 3 0;
v00000232551fa900_0 .var "SUB", 3 0;
v00000232551a3260_0 .var "SW", 3 0;
v00000232551a3300_0 .net "clkwire", 0 0, L_00000232551f9870;  alias, 1 drivers
v00000232551a33a0_0 .net "reg1_in", 15 0, L_00000232551f98e0;  alias, 1 drivers
v00000232551a3440_0 .var "reg1_in_data", 15 0;
v00000232552420f0_0 .net "reg1_out", 15 0, L_000002325524b070;  alias, 1 drivers
v0000023255241d30_0 .net "reg2_in", 15 0, L_00000232551f9e20;  alias, 1 drivers
v0000023255242230_0 .var "reg2_in_data", 15 0;
v0000023255241dd0_0 .net "reg2_out", 15 0, L_000002325524b5b0;  alias, 1 drivers
v0000023255241e70_0 .net "reg3_in", 15 0, L_00000232551fa670;  alias, 1 drivers
v0000023255242690_0 .var "reg3_in_data", 15 0;
v0000023255242190_0 .net "reg3_out", 15 0, L_000002325524ad60;  alias, 1 drivers
v0000023255241f10_0 .net "reg4_in", 15 0, L_00000232551f9bf0;  alias, 1 drivers
v00000232552422d0_0 .var "reg4_in_data", 15 0;
v0000023255242730_0 .net "reg4_out", 15 0, L_000002325524aba0;  alias, 1 drivers
v0000023255242050_0 .net "reg5_in", 15 0, L_00000232551fa6e0;  alias, 1 drivers
v0000023255241b50_0 .var "reg5_in_data", 15 0;
v00000232552424b0_0 .net "reg5_out", 15 0, L_000002325524ac80;  alias, 1 drivers
v0000023255242550_0 .net "reg6_in", 15 0, L_00000232551fa590;  alias, 1 drivers
v0000023255242370_0 .var "reg6_in_data", 15 0;
v0000023255241830_0 .net "reg6_out", 15 0, L_000002325524add0;  alias, 1 drivers
v00000232552418d0_0 .net "reg7_in", 15 0, L_00000232551f9d40;  alias, 1 drivers
v00000232552425f0_0 .var "reg7_in_data", 15 0;
v0000023255241970_0 .net "reg7_out", 15 0, L_000002325524af20;  alias, 1 drivers
v0000023255242410_0 .net "reg8_in", 15 0, L_00000232551f9e90;  alias, 1 drivers
v0000023255241a10_0 .var "reg8_in_data", 15 0;
v0000023255241fb0_0 .net "reg8_out", 15 0, L_000002325524b310;  alias, 1 drivers
v0000023255241ab0_0 .net "regNos", 3 0, L_00000232551fa0c0;  alias, 1 drivers
v0000023255241bf0_0 .net "writeData", 15 0, L_00000232551f9aa0;  alias, 1 drivers
v0000023255241c90_0 .net "writeToReg", 0 0, v0000023255243880_0;  1 drivers
E_0000023255214210 .event posedge, v00000232551a3300_0;
S_00000232551a34e0 .scope module, "S2" "id_unit" 2 55, 4 1 0, S_0000023255229240;
 .timescale 0 0;
    .port_info 0 /INPUT 1 "clkwire";
    .port_info 1 /INPUT 16 "regwire1";
    .port_info 2 /INPUT 16 "regwire2";
    .port_info 3 /INPUT 16 "regwire3";
    .port_info 4 /INPUT 16 "regwire4";
    .port_info 5 /INPUT 16 "regwire5";
    .port_info 6 /INPUT 16 "regwire6";
    .port_info 7 /INPUT 16 "regwire7";
    .port_info 8 /INPUT 16 "regwire8";
    .port_info 9 /INPUT 20 "current_instruction";
    .port_info 10 /OUTPUT 16 "reg_data_1_wire";
    .port_info 11 /OUTPUT 16 "reg_data_2_wire";
    .port_info 12 /OUTPUT 4 "instruction_4_bits";
    .port_info 13 /OUTPUT 4 "dest_reg_wire";
    .port_info 14 /OUTPUT 4 "memwire";
    .port_info 15 /OUTPUT 8 "instrwire";
L_00000232551fa520 .functor BUFZ 4, v0000023255292060_0, C4<0000>, C4<0000>, C4<0000>;
L_00000232551fa280 .functor BUFZ 4, v00000232552924c0_0, C4<0000>, C4<0000>, C4<0000>;
L_00000232551fa050 .functor BUFZ 16, v0000023255292740_0, C4<0000000000000000>, C4<0000000000000000>, C4<0000000000000000>;
L_00000232551fa2f0 .functor BUFZ 16, v0000023255292880_0, C4<0000000000000000>, C4<0000000000000000>, C4<0000000000000000>;
L_000002325524ac10 .functor BUFZ 8, v0000023255292ce0_0, C4<00000000>, C4<00000000>, C4<00000000>;
v0000023255293140_0 .net "clkwire", 0 0, L_00000232551f9870;  alias, 1 drivers
v00000232552931e0_0 .net "current_instruction", 19 0, v00000232552437e0_0;  1 drivers
v00000232552933c0_0 .var "dest_reg", 15 0;
v0000023255293be0_0 .net "dest_reg_wire", 3 0, L_000002325524a180;  alias, 1 drivers
v0000023255292920_0 .var "instr", 19 0;
v0000023255292ce0_0 .var "instr_line_no", 7 0;
v0000023255292100_0 .net "instruction_4_bits", 3 0, L_00000232551fa280;  alias, 1 drivers
v0000023255292d80_0 .net "instrwire", 7 0, L_000002325524ac10;  alias, 1 drivers
v0000023255292060_0 .var "mem_line_no", 3 0;
v0000023255293c80_0 .net "memwire", 3 0, L_00000232551fa520;  alias, 1 drivers
v00000232552924c0_0 .var "opcode", 3 0;
v0000023255293280_0 .var "r1", 15 0;
v00000232552921a0_0 .var "r2", 15 0;
v0000023255293000_0 .var "r3", 15 0;
v0000023255293a00_0 .var "r4", 15 0;
v0000023255292e20_0 .var "r5", 15 0;
v00000232552926a0_0 .var "r6", 15 0;
v0000023255293aa0_0 .var "r7", 15 0;
v0000023255292420_0 .var "r8", 15 0;
v0000023255292740_0 .var "reg_data_1", 15 0;
v0000023255292560_0 .net "reg_data_1_wire", 15 0, L_00000232551fa050;  alias, 1 drivers
v0000023255292880_0 .var "reg_data_2", 15 0;
v0000023255293960_0 .net "reg_data_2_wire", 15 0, L_00000232551fa2f0;  alias, 1 drivers
v0000023255293d20_0 .net "regwire1", 15 0, v00000232552468a0_0;  1 drivers
v0000023255293b40_0 .net "regwire2", 15 0, v0000023255246760_0;  1 drivers
v0000023255293820_0 .net "regwire3", 15 0, v0000023255245a40_0;  1 drivers
v0000023255293460_0 .net "regwire4", 15 0, v0000023255246d00_0;  1 drivers
v0000023255292240_0 .net "regwire5", 15 0, v0000023255245b80_0;  1 drivers
v0000023255293320_0 .net "regwire6", 15 0, v0000023255247700_0;  1 drivers
v0000023255293640_0 .net "regwire7", 15 0, v0000023255246080_0;  1 drivers
v0000023255292600_0 .net "regwire8", 15 0, v00000232552461c0_0;  1 drivers
L_000002325524a180 .part v00000232552933c0_0, 0, 4;
S_00000232551b29c0 .scope module, "dut" "memory_unit" 2 57, 5 3 0, S_0000023255229240;
 .timescale 0 0;
    .port_info 0 /INPUT 1 "clkwire";
    .port_info 1 /INPUT 4 "registernum";
    .port_info 2 /INPUT 4 "instruction";
    .port_info 3 /INPUT 16 "aluoutput";
    .port_info 4 /INPUT 4 "linenum";
    .port_info 5 /OUTPUT 16 "writedata";
    .port_info 6 /OUTPUT 4 "regnum";
    .port_info 7 /OUTPUT 4 "opcode_out";
    .port_info 8 /OUTPUT 1 "checkbool";
L_000002325524ab30 .functor BUFZ 4, v0000023255293f00_0, C4<0000>, C4<0000>, C4<0000>;
L_000002325524acf0 .functor BUFZ 1, v0000023255292380_0, C4<0>, C4<0>, C4<0>;
L_000002325524b2a0 .functor BUFZ 16, v0000023255292c40_0, C4<0000000000000000>, C4<0000000000000000>, C4<0000000000000000>;
L_000002325524b230 .functor BUFZ 4, v0000023255292b00_0, C4<0000>, C4<0000>, C4<0000>;
v00000232552927e0 .array "Mem", 15 0, 15 0;
v00000232552935a0_0 .var/i "a", 31 0;
v00000232552929c0_0 .net "aluoutput", 15 0, v0000023255244280_0;  1 drivers
v00000232552922e0_0 .net "checkbool", 0 0, L_000002325524acf0;  alias, 1 drivers
v0000023255292380_0 .var "checkboolreg", 0 0;
v0000023255293dc0_0 .net "clkwire", 0 0, L_00000232551f9870;  alias, 1 drivers
v0000023255292ec0_0 .var/i "fd", 31 0;
v0000023255293e60_0 .var/i "i", 31 0;
v0000023255292b00_0 .var "inst_pass", 3 0;
v00000232552930a0_0 .net "instruction", 3 0, v00000232552443c0_0;  1 drivers
v0000023255292ba0_0 .net "linenum", 3 0, v0000023255246800_0;  1 drivers
v00000232552936e0_0 .net "opcode_out", 3 0, L_000002325524b230;  alias, 1 drivers
v00000232552938c0_0 .net "registernum", 3 0, v0000023255246b20_0;  1 drivers
v0000023255293f00_0 .var "regno", 3 0;
v0000023255292f60_0 .net "regnum", 3 0, L_000002325524ab30;  alias, 1 drivers
v0000023255292c40_0 .var "val", 15 0;
v0000023255293780_0 .net "writedata", 15 0, L_000002325524b2a0;  alias, 1 drivers
S_00000232551b2c60 .scope module, "dut2" "Execution_unit" 2 59, 6 2 0, S_0000023255229240;
 .timescale 0 0;
    .port_info 0 /INPUT 1 "clkwire";
    .port_info 1 /INPUT 16 "op1";
    .port_info 2 /INPUT 16 "op2";
    .port_info 3 /INPUT 8 "imm";
    .port_info 4 /INPUT 4 "instructioni";
    .port_info 5 /INPUT 4 "regdesti";
    .port_info 6 /INPUT 4 "ldsti";
    .port_info 7 /OUTPUT 16 "ALU_output";
    .port_info 8 /OUTPUT 4 "regdest";
    .port_info 9 /OUTPUT 4 "ldst";
    .port_info 10 /OUTPUT 4 "instruction";
    .port_info 11 /OUTPUT 8 "jump_address";
    .port_info 12 /OUTPUT 1 "jump_selector";
L_000002325524b4d0 .functor BUFZ 16, v0000023255243a60_0, C4<0000000000000000>, C4<0000000000000000>, C4<0000000000000000>;
L_000002325524aa50 .functor BUFZ 4, v00000232552446e0_0, C4<0000>, C4<0000>, C4<0000>;
L_000002325524b000 .functor BUFZ 4, v0000023255242c00_0, C4<0000>, C4<0000>, C4<0000>;
L_000002325524b0e0 .functor BUFZ 1, v00000232552428e0_0, C4<0>, C4<0>, C4<0>;
L_000002325524ae40 .functor BUFZ 4, v0000023255242d40_0, C4<0000>, C4<0000>, C4<0000>;
v0000023255293500_0 .net "ALU_output", 15 0, L_000002325524b4d0;  alias, 1 drivers
v0000023255243a60_0 .var "ALU_result", 15 0;
L_0000023255294028 .functor BUFT 1, C4<0000>, C4<0>, C4<0>, C4<0>;
v0000023255243420_0 .net *"_ivl_9", 3 0, L_0000023255294028;  1 drivers
v0000023255242b60_0 .net "clkwire", 0 0, L_00000232551f9870;  alias, 1 drivers
v0000023255242a20_0 .net "imm", 7 0, v0000023255243600_0;  1 drivers
v0000023255242ca0_0 .net "instruction", 3 0, L_000002325524ae40;  alias, 1 drivers
v0000023255242d40_0 .var "instruction_reg", 3 0;
v0000023255243b00_0 .net "instructioni", 3 0, v0000023255244500_0;  1 drivers
v00000232552439c0_0 .net "jump_address", 7 0, L_0000023255248a60;  alias, 1 drivers
v0000023255242840_0 .net "jump_selector", 0 0, L_000002325524b0e0;  alias, 1 drivers
v00000232552428e0_0 .var "jump_selector_reg", 0 0;
v0000023255242ac0_0 .net "ldst", 3 0, L_000002325524aa50;  alias, 1 drivers
v0000023255242de0_0 .net "ldsti", 3 0, v00000232552459a0_0;  1 drivers
v00000232552446e0_0 .var "ldsti_reg", 3 0;
v00000232552440a0_0 .var "npc_reg", 3 0;
v0000023255243ba0_0 .net "op1", 15 0, v00000232552472a0_0;  1 drivers
v0000023255242e80_0 .net "op2", 15 0, v0000023255245c20_0;  1 drivers
v0000023255243740_0 .net "regdest", 3 0, L_000002325524b000;  alias, 1 drivers
v0000023255244320_0 .net "regdesti", 3 0, v0000023255246a80_0;  1 drivers
v0000023255242c00_0 .var "regdesti_reg", 3 0;
L_0000023255248a60 .concat [ 4 4 0 0], v00000232552440a0_0, L_0000023255294028;
S_00000232551e1110 .scope module, "iftest" "if_unit" 2 53, 7 1 0, S_0000023255229240;
 .timescale 0 0;
    .port_info 0 /INPUT 1 "clkwire";
    .port_info 1 /INPUT 1 "jump_selector";
    .port_info 2 /INPUT 8 "jump_address";
    .port_info 3 /OUTPUT 20 "instructionwire";
    .port_info 4 /OUTPUT 8 "npc";
L_00000232551f9f70 .functor BUFZ 20, v0000023255243920_0, C4<00000000000000000000>, C4<00000000000000000000>, C4<00000000000000000000>;
L_00000232551f9fe0 .functor BUFZ 8, v0000023255243560_0, C4<00000000>, C4<00000000>, C4<00000000>;
v0000023255243e20_0 .var/i "a", 31 0;
v0000023255242f20_0 .net "clkwire", 0 0, L_00000232551f9870;  alias, 1 drivers
v0000023255243920_0 .var "curr_instruction", 19 0;
v0000023255243ec0_0 .var/i "file", 31 0;
v0000023255243c40 .array "instructions_all", 99 0, 19 0;
v0000023255242fc0_0 .net "instructionwire", 19 0, L_00000232551f9f70;  alias, 1 drivers
v0000023255242980_0 .net "jump_address", 7 0, L_00000232551f99c0;  alias, 1 drivers
v0000023255243060_0 .net "jump_selector", 0 0, L_00000232551f9f00;  alias, 1 drivers
v0000023255243ce0_0 .var/i "line_num", 31 0;
v00000232552431a0_0 .net "npc", 7 0, L_00000232551f9fe0;  1 drivers
v0000023255243560_0 .var "pc", 7 0;
    .scope S_00000232551e1110;
T_0 ;
    %vpi_func 7 14 "$fopen" 32, "instructions.txt", "r" {0 0 0};
    %store/vec4 v0000023255243ec0_0, 0, 32;
    %pushi/vec4 0, 0, 32;
    %store/vec4 v0000023255243ce0_0, 0, 32;
T_0.0 ;
    %vpi_func 7 16 "$feof" 32, v0000023255243ec0_0 {0 0 0};
    %nor/r;
    %flag_set/vec4 8;
    %jmp/0xz T_0.1, 8;
    %vpi_func 7 18 "$fscanf" 32, v0000023255243ec0_0, "%b", &A<v0000023255243c40, v0000023255243ce0_0 > {0 0 0};
    %store/vec4 v0000023255243e20_0, 0, 32;
    %load/vec4 v0000023255243ce0_0;
    %addi 1, 0, 32;
    %store/vec4 v0000023255243ce0_0, 0, 32;
    %jmp T_0.0;
T_0.1 ;
    %end;
    .thread T_0;
    .scope S_00000232551e1110;
T_1 ;
    %wait E_0000023255214210;
    %load/vec4 v0000023255243060_0;
    %pad/u 32;
    %cmpi/e 1, 0, 32;
    %jmp/0xz  T_1.0, 4;
    %load/vec4 v0000023255242980_0;
    %store/vec4 v0000023255243560_0, 0, 8;
T_1.0 ;
    %vpi_call 7 30 "$display", "pc = %0d", v0000023255243560_0 {0 0 0};
    %ix/getv 4, v0000023255243560_0;
    %load/vec4a v0000023255243c40, 4;
    %store/vec4 v0000023255243920_0, 0, 20;
    %load/vec4 v0000023255243560_0;
    %addi 1, 0, 8;
    %store/vec4 v0000023255243560_0, 0, 8;
    %jmp T_1;
    .thread T_1;
    .scope S_00000232551e1110;
T_2 ;
    %pushi/vec4 0, 0, 8;
    %store/vec4 v0000023255243560_0, 0, 8;
    %end;
    .thread T_2;
    .scope S_00000232551a34e0;
T_3 ;
    %wait E_0000023255214210;
    %load/vec4 v0000023255293d20_0;
    %store/vec4 v0000023255293280_0, 0, 16;
    %load/vec4 v0000023255293b40_0;
    %store/vec4 v00000232552921a0_0, 0, 16;
    %load/vec4 v0000023255293820_0;
    %store/vec4 v0000023255293000_0, 0, 16;
    %load/vec4 v0000023255293460_0;
    %store/vec4 v0000023255293a00_0, 0, 16;
    %load/vec4 v0000023255292240_0;
    %store/vec4 v0000023255292e20_0, 0, 16;
    %load/vec4 v0000023255293320_0;
    %store/vec4 v00000232552926a0_0, 0, 16;
    %load/vec4 v0000023255293640_0;
    %store/vec4 v0000023255293aa0_0, 0, 16;
    %load/vec4 v0000023255292600_0;
    %store/vec4 v0000023255292420_0, 0, 16;
    %load/vec4 v00000232552931e0_0;
    %store/vec4 v0000023255292920_0, 0, 20;
    %load/vec4 v0000023255292920_0;
    %parti/s 4, 16, 6;
    %store/vec4 v00000232552924c0_0, 0, 4;
    %load/vec4 v0000023255292920_0;
    %parti/s 4, 8, 5;
    %store/vec4 v0000023255292060_0, 0, 4;
    %load/vec4 v0000023255292920_0;
    %parti/s 4, 12, 5;
    %pad/u 16;
    %store/vec4 v00000232552933c0_0, 0, 16;
    %load/vec4 v0000023255292920_0;
    %parti/s 8, 0, 2;
    %store/vec4 v0000023255292ce0_0, 0, 8;
    %load/vec4 v0000023255292920_0;
    %parti/s 4, 16, 6;
    %cmpi/e 0, 0, 4;
    %jmp/1 T_3.3, 4;
    %flag_mov 8, 4;
    %load/vec4 v0000023255292920_0;
    %parti/s 4, 16, 6;
    %cmpi/e 1, 0, 4;
    %flag_or 4, 8;
T_3.3;
    %jmp/1 T_3.2, 4;
    %flag_mov 8, 4;
    %load/vec4 v0000023255292920_0;
    %parti/s 4, 16, 6;
    %cmpi/e 2, 0, 4;
    %flag_or 4, 8;
T_3.2;
    %jmp/0xz  T_3.0, 4;
    %load/vec4 v0000023255292920_0;
    %parti/s 4, 8, 5;
    %dup/vec4;
    %pushi/vec4 0, 0, 4;
    %cmp/u;
    %jmp/1 T_3.4, 6;
    %dup/vec4;
    %pushi/vec4 1, 0, 4;
    %cmp/u;
    %jmp/1 T_3.5, 6;
    %dup/vec4;
    %pushi/vec4 2, 0, 4;
    %cmp/u;
    %jmp/1 T_3.6, 6;
    %dup/vec4;
    %pushi/vec4 3, 0, 4;
    %cmp/u;
    %jmp/1 T_3.7, 6;
    %dup/vec4;
    %pushi/vec4 4, 0, 4;
    %cmp/u;
    %jmp/1 T_3.8, 6;
    %dup/vec4;
    %pushi/vec4 5, 0, 4;
    %cmp/u;
    %jmp/1 T_3.9, 6;
    %dup/vec4;
    %pushi/vec4 6, 0, 4;
    %cmp/u;
    %jmp/1 T_3.10, 6;
    %dup/vec4;
    %pushi/vec4 7, 0, 4;
    %cmp/u;
    %jmp/1 T_3.11, 6;
    %jmp T_3.12;
T_3.4 ;
    %load/vec4 v0000023255293280_0;
    %store/vec4 v0000023255292740_0, 0, 16;
    %jmp T_3.12;
T_3.5 ;
    %load/vec4 v00000232552921a0_0;
    %store/vec4 v0000023255292740_0, 0, 16;
    %jmp T_3.12;
T_3.6 ;
    %load/vec4 v0000023255293000_0;
    %store/vec4 v0000023255292740_0, 0, 16;
    %jmp T_3.12;
T_3.7 ;
    %load/vec4 v0000023255293a00_0;
    %store/vec4 v0000023255292740_0, 0, 16;
    %jmp T_3.12;
T_3.8 ;
    %load/vec4 v0000023255292e20_0;
    %store/vec4 v0000023255292740_0, 0, 16;
    %jmp T_3.12;
T_3.9 ;
    %load/vec4 v00000232552926a0_0;
    %store/vec4 v0000023255292740_0, 0, 16;
    %jmp T_3.12;
T_3.10 ;
    %load/vec4 v0000023255293aa0_0;
    %store/vec4 v0000023255292740_0, 0, 16;
    %jmp T_3.12;
T_3.11 ;
    %load/vec4 v0000023255292420_0;
    %store/vec4 v0000023255292740_0, 0, 16;
    %jmp T_3.12;
T_3.12 ;
    %pop/vec4 1;
    %load/vec4 v0000023255292920_0;
    %parti/s 4, 4, 4;
    %dup/vec4;
    %pushi/vec4 0, 0, 4;
    %cmp/u;
    %jmp/1 T_3.13, 6;
    %dup/vec4;
    %pushi/vec4 1, 0, 4;
    %cmp/u;
    %jmp/1 T_3.14, 6;
    %dup/vec4;
    %pushi/vec4 2, 0, 4;
    %cmp/u;
    %jmp/1 T_3.15, 6;
    %dup/vec4;
    %pushi/vec4 3, 0, 4;
    %cmp/u;
    %jmp/1 T_3.16, 6;
    %dup/vec4;
    %pushi/vec4 4, 0, 4;
    %cmp/u;
    %jmp/1 T_3.17, 6;
    %dup/vec4;
    %pushi/vec4 5, 0, 4;
    %cmp/u;
    %jmp/1 T_3.18, 6;
    %dup/vec4;
    %pushi/vec4 6, 0, 4;
    %cmp/u;
    %jmp/1 T_3.19, 6;
    %dup/vec4;
    %pushi/vec4 7, 0, 4;
    %cmp/u;
    %jmp/1 T_3.20, 6;
    %jmp T_3.21;
T_3.13 ;
    %load/vec4 v0000023255293280_0;
    %store/vec4 v0000023255292880_0, 0, 16;
    %jmp T_3.21;
T_3.14 ;
    %load/vec4 v00000232552921a0_0;
    %store/vec4 v0000023255292880_0, 0, 16;
    %jmp T_3.21;
T_3.15 ;
    %load/vec4 v0000023255293000_0;
    %store/vec4 v0000023255292880_0, 0, 16;
    %jmp T_3.21;
T_3.16 ;
    %load/vec4 v0000023255293a00_0;
    %store/vec4 v0000023255292880_0, 0, 16;
    %jmp T_3.21;
T_3.17 ;
    %load/vec4 v0000023255292e20_0;
    %store/vec4 v0000023255292880_0, 0, 16;
    %jmp T_3.21;
T_3.18 ;
    %load/vec4 v00000232552926a0_0;
    %store/vec4 v0000023255292880_0, 0, 16;
    %jmp T_3.21;
T_3.19 ;
    %load/vec4 v0000023255293aa0_0;
    %store/vec4 v0000023255292880_0, 0, 16;
    %jmp T_3.21;
T_3.20 ;
    %load/vec4 v0000023255292420_0;
    %store/vec4 v0000023255292880_0, 0, 16;
    %jmp T_3.21;
T_3.21 ;
    %pop/vec4 1;
T_3.0 ;
    %load/vec4 v0000023255292920_0;
    %parti/s 4, 16, 6;
    %cmpi/e 5, 0, 4;
    %jmp/1 T_3.24, 4;
    %flag_mov 8, 4;
    %load/vec4 v0000023255292920_0;
    %parti/s 4, 16, 6;
    %cmpi/e 6, 0, 4;
    %flag_or 4, 8;
T_3.24;
    %jmp/0xz  T_3.22, 4;
    %load/vec4 v0000023255292920_0;
    %parti/s 4, 12, 5;
    %dup/vec4;
    %pushi/vec4 0, 0, 4;
    %cmp/u;
    %jmp/1 T_3.25, 6;
    %dup/vec4;
    %pushi/vec4 1, 0, 4;
    %cmp/u;
    %jmp/1 T_3.26, 6;
    %dup/vec4;
    %pushi/vec4 2, 0, 4;
    %cmp/u;
    %jmp/1 T_3.27, 6;
    %dup/vec4;
    %pushi/vec4 3, 0, 4;
    %cmp/u;
    %jmp/1 T_3.28, 6;
    %dup/vec4;
    %pushi/vec4 4, 0, 4;
    %cmp/u;
    %jmp/1 T_3.29, 6;
    %dup/vec4;
    %pushi/vec4 5, 0, 4;
    %cmp/u;
    %jmp/1 T_3.30, 6;
    %dup/vec4;
    %pushi/vec4 6, 0, 4;
    %cmp/u;
    %jmp/1 T_3.31, 6;
    %dup/vec4;
    %pushi/vec4 7, 0, 4;
    %cmp/u;
    %jmp/1 T_3.32, 6;
    %jmp T_3.33;
T_3.25 ;
    %load/vec4 v0000023255293280_0;
    %store/vec4 v0000023255292740_0, 0, 16;
    %jmp T_3.33;
T_3.26 ;
    %load/vec4 v00000232552921a0_0;
    %store/vec4 v0000023255292740_0, 0, 16;
    %jmp T_3.33;
T_3.27 ;
    %load/vec4 v0000023255293000_0;
    %store/vec4 v0000023255292740_0, 0, 16;
    %jmp T_3.33;
T_3.28 ;
    %load/vec4 v0000023255293a00_0;
    %store/vec4 v0000023255292740_0, 0, 16;
    %jmp T_3.33;
T_3.29 ;
    %load/vec4 v0000023255292e20_0;
    %store/vec4 v0000023255292740_0, 0, 16;
    %jmp T_3.33;
T_3.30 ;
    %load/vec4 v00000232552926a0_0;
    %store/vec4 v0000023255292740_0, 0, 16;
    %jmp T_3.33;
T_3.31 ;
    %load/vec4 v0000023255293aa0_0;
    %store/vec4 v0000023255292740_0, 0, 16;
    %jmp T_3.33;
T_3.32 ;
    %load/vec4 v0000023255292420_0;
    %store/vec4 v0000023255292740_0, 0, 16;
    %jmp T_3.33;
T_3.33 ;
    %pop/vec4 1;
    %load/vec4 v0000023255292920_0;
    %parti/s 4, 8, 5;
    %dup/vec4;
    %pushi/vec4 0, 0, 4;
    %cmp/u;
    %jmp/1 T_3.34, 6;
    %dup/vec4;
    %pushi/vec4 1, 0, 4;
    %cmp/u;
    %jmp/1 T_3.35, 6;
    %dup/vec4;
    %pushi/vec4 2, 0, 4;
    %cmp/u;
    %jmp/1 T_3.36, 6;
    %dup/vec4;
    %pushi/vec4 3, 0, 4;
    %cmp/u;
    %jmp/1 T_3.37, 6;
    %dup/vec4;
    %pushi/vec4 4, 0, 4;
    %cmp/u;
    %jmp/1 T_3.38, 6;
    %dup/vec4;
    %pushi/vec4 5, 0, 4;
    %cmp/u;
    %jmp/1 T_3.39, 6;
    %dup/vec4;
    %pushi/vec4 6, 0, 4;
    %cmp/u;
    %jmp/1 T_3.40, 6;
    %dup/vec4;
    %pushi/vec4 7, 0, 4;
    %cmp/u;
    %jmp/1 T_3.41, 6;
    %jmp T_3.42;
T_3.34 ;
    %load/vec4 v0000023255293280_0;
    %store/vec4 v0000023255292880_0, 0, 16;
    %jmp T_3.42;
T_3.35 ;
    %load/vec4 v00000232552921a0_0;
    %store/vec4 v0000023255292880_0, 0, 16;
    %jmp T_3.42;
T_3.36 ;
    %load/vec4 v0000023255293000_0;
    %store/vec4 v0000023255292880_0, 0, 16;
    %jmp T_3.42;
T_3.37 ;
    %load/vec4 v0000023255293a00_0;
    %store/vec4 v0000023255292880_0, 0, 16;
    %jmp T_3.42;
T_3.38 ;
    %load/vec4 v0000023255292e20_0;
    %store/vec4 v0000023255292880_0, 0, 16;
    %jmp T_3.42;
T_3.39 ;
    %load/vec4 v00000232552926a0_0;
    %store/vec4 v0000023255292880_0, 0, 16;
    %jmp T_3.42;
T_3.40 ;
    %load/vec4 v0000023255293aa0_0;
    %store/vec4 v0000023255292880_0, 0, 16;
    %jmp T_3.42;
T_3.41 ;
    %load/vec4 v0000023255292420_0;
    %store/vec4 v0000023255292880_0, 0, 16;
    %jmp T_3.42;
T_3.42 ;
    %pop/vec4 1;
T_3.22 ;
    %load/vec4 v0000023255292920_0;
    %parti/s 4, 16, 6;
    %cmpi/e 3, 0, 4;
    %jmp/0xz  T_3.43, 4;
    %load/vec4 v0000023255292920_0;
    %parti/s 4, 8, 5;
    %pad/u 16;
    %store/vec4 v0000023255292740_0, 0, 16;
    %load/vec4 v0000023255292920_0;
    %parti/s 4, 4, 4;
    %pad/u 16;
    %store/vec4 v0000023255292880_0, 0, 16;
T_3.43 ;
    %load/vec4 v0000023255292920_0;
    %parti/s 4, 16, 6;
    %cmpi/e 4, 0, 4;
    %jmp/0xz  T_3.45, 4;
    %load/vec4 v0000023255292920_0;
    %parti/s 4, 8, 5;
    %pad/u 16;
    %store/vec4 v0000023255292740_0, 0, 16;
    %load/vec4 v0000023255292920_0;
    %parti/s 4, 4, 4;
    %pad/u 16;
    %store/vec4 v0000023255292880_0, 0, 16;
    %load/vec4 v0000023255292920_0;
    %parti/s 4, 12, 5;
    %dup/vec4;
    %pushi/vec4 0, 0, 4;
    %cmp/u;
    %jmp/1 T_3.47, 6;
    %dup/vec4;
    %pushi/vec4 1, 0, 4;
    %cmp/u;
    %jmp/1 T_3.48, 6;
    %dup/vec4;
    %pushi/vec4 2, 0, 4;
    %cmp/u;
    %jmp/1 T_3.49, 6;
    %dup/vec4;
    %pushi/vec4 3, 0, 4;
    %cmp/u;
    %jmp/1 T_3.50, 6;
    %dup/vec4;
    %pushi/vec4 4, 0, 4;
    %cmp/u;
    %jmp/1 T_3.51, 6;
    %dup/vec4;
    %pushi/vec4 5, 0, 4;
    %cmp/u;
    %jmp/1 T_3.52, 6;
    %dup/vec4;
    %pushi/vec4 6, 0, 4;
    %cmp/u;
    %jmp/1 T_3.53, 6;
    %dup/vec4;
    %pushi/vec4 7, 0, 4;
    %cmp/u;
    %jmp/1 T_3.54, 6;
    %jmp T_3.55;
T_3.47 ;
    %load/vec4 v0000023255293280_0;
    %store/vec4 v0000023255292740_0, 0, 16;
    %jmp T_3.55;
T_3.48 ;
    %load/vec4 v00000232552921a0_0;
    %store/vec4 v0000023255292740_0, 0, 16;
    %jmp T_3.55;
T_3.49 ;
    %load/vec4 v0000023255293000_0;
    %store/vec4 v0000023255292740_0, 0, 16;
    %jmp T_3.55;
T_3.50 ;
    %load/vec4 v0000023255293a00_0;
    %store/vec4 v0000023255292740_0, 0, 16;
    %jmp T_3.55;
T_3.51 ;
    %load/vec4 v0000023255292e20_0;
    %store/vec4 v0000023255292740_0, 0, 16;
    %jmp T_3.55;
T_3.52 ;
    %load/vec4 v00000232552926a0_0;
    %store/vec4 v0000023255292740_0, 0, 16;
    %jmp T_3.55;
T_3.53 ;
    %load/vec4 v0000023255293aa0_0;
    %store/vec4 v0000023255292740_0, 0, 16;
    %jmp T_3.55;
T_3.54 ;
    %load/vec4 v0000023255292420_0;
    %store/vec4 v0000023255292740_0, 0, 16;
    %jmp T_3.55;
T_3.55 ;
    %pop/vec4 1;
T_3.45 ;
    %load/vec4 v0000023255292920_0;
    %parti/s 4, 16, 6;
    %cmpi/e 15, 0, 4;
    %jmp/1 T_3.58, 4;
    %flag_mov 8, 4;
    %load/vec4 v0000023255292920_0;
    %parti/s 4, 16, 6;
    %cmpi/e 14, 0, 4;
    %flag_or 4, 8;
T_3.58;
    %jmp/0xz  T_3.56, 4;
    %load/vec4 v0000023255292920_0;
    %parti/s 4, 8, 5;
    %pad/u 16;
    %store/vec4 v0000023255292740_0, 0, 16;
    %load/vec4 v0000023255292920_0;
    %parti/s 4, 4, 4;
    %pad/u 16;
    %store/vec4 v0000023255292880_0, 0, 16;
T_3.56 ;
    %jmp T_3;
    .thread T_3;
    .scope S_00000232551b29c0;
T_4 ;
    %pushi/vec4 0, 0, 32;
    %store/vec4 v0000023255293e60_0, 0, 32;
    %vpi_func 5 30 "$fopen" 32, "mem.txt", "r" {0 0 0};
    %store/vec4 v0000023255292ec0_0, 0, 32;
T_4.0 ;
    %vpi_func 5 31 "$feof" 32, v0000023255292ec0_0 {0 0 0};
    %nor/r;
    %flag_set/vec4 8;
    %jmp/0xz T_4.1, 8;
    %vpi_func 5 33 "$fscanf" 32, v0000023255292ec0_0, "%b", &A<v00000232552927e0, v0000023255293e60_0 > {0 0 0};
    %store/vec4 v00000232552935a0_0, 0, 32;
    %load/vec4 v0000023255293e60_0;
    %addi 1, 0, 32;
    %store/vec4 v0000023255293e60_0, 0, 32;
    %jmp T_4.0;
T_4.1 ;
    %end;
    .thread T_4;
    .scope S_00000232551b29c0;
T_5 ;
    %wait E_0000023255214210;
    %load/vec4 v00000232552938c0_0;
    %store/vec4 v0000023255293f00_0, 0, 4;
    %load/vec4 v00000232552930a0_0;
    %store/vec4 v0000023255292b00_0, 0, 4;
    %load/vec4 v00000232552930a0_0;
    %cmpi/e 3, 0, 4;
    %jmp/0xz  T_5.0, 4;
    %load/vec4 v0000023255292ba0_0;
    %pad/u 32;
    %subi 1, 0, 32;
    %ix/vec4 4;
    %load/vec4a v00000232552927e0, 4;
    %store/vec4 v0000023255292c40_0, 0, 16;
    %pushi/vec4 1, 0, 1;
    %store/vec4 v0000023255292380_0, 0, 1;
    %jmp T_5.1;
T_5.0 ;
    %load/vec4 v00000232552930a0_0;
    %cmpi/e 4, 0, 4;
    %jmp/0xz  T_5.2, 4;
    %pushi/vec4 0, 0, 1;
    %store/vec4 v0000023255292380_0, 0, 1;
    %pushi/vec4 0, 0, 16;
    %store/vec4 v0000023255292c40_0, 0, 16;
    %vpi_func 5 56 "$fopen" 32, "mem.txt", "w" {0 0 0};
    %store/vec4 v0000023255292ec0_0, 0, 32;
    %pushi/vec4 0, 0, 32;
    %store/vec4 v0000023255293e60_0, 0, 32;
T_5.4 ;
    %load/vec4 v0000023255293e60_0;
    %cmpi/s 14, 0, 32;
    %flag_or 5, 4;
    %jmp/0xz T_5.5, 5;
    %load/vec4 v0000023255293e60_0;
    %load/vec4 v0000023255292ba0_0;
    %pad/u 32;
    %subi 1, 0, 32;
    %cmp/e;
    %jmp/0xz  T_5.6, 4;
    %vpi_call 5 60 "$fdisplay", v0000023255292ec0_0, "%b", v00000232552929c0_0 {0 0 0};
    %jmp T_5.7;
T_5.6 ;
    %vpi_call 5 61 "$fdisplay", v0000023255292ec0_0, "%b", &A<v00000232552927e0, v0000023255293e60_0 > {0 0 0};
T_5.7 ;
    %load/vec4 v0000023255293e60_0;
    %addi 1, 0, 32;
    %store/vec4 v0000023255293e60_0, 0, 32;
    %jmp T_5.4;
T_5.5 ;
    %load/vec4 v0000023255292ba0_0;
    %pad/u 32;
    %load/vec4 v0000023255293e60_0;
    %addi 1, 0, 32;
    %cmp/ne;
    %jmp/0xz  T_5.8, 4;
    %vpi_call 5 63 "$fwrite", v0000023255292ec0_0, "%b", &A<v00000232552927e0, v0000023255293e60_0 > {0 0 0};
    %jmp T_5.9;
T_5.8 ;
    %vpi_call 5 64 "$fwrite", v0000023255292ec0_0, "%b", v00000232552929c0_0 {0 0 0};
T_5.9 ;
    %vpi_call 5 66 "$fclose", v0000023255292ec0_0 {0 0 0};
    %jmp T_5.3;
T_5.2 ;
    %load/vec4 v00000232552930a0_0;
    %cmpi/e 0, 0, 4;
    %jmp/1 T_5.13, 4;
    %flag_mov 8, 4;
    %load/vec4 v00000232552930a0_0;
    %cmpi/e 1, 0, 4;
    %flag_or 4, 8;
T_5.13;
    %jmp/1 T_5.12, 4;
    %flag_mov 8, 4;
    %load/vec4 v00000232552930a0_0;
    %cmpi/e 2, 0, 4;
    %flag_or 4, 8;
T_5.12;
    %jmp/0xz  T_5.10, 4;
    %load/vec4 v00000232552929c0_0;
    %store/vec4 v0000023255292c40_0, 0, 16;
    %pushi/vec4 1, 0, 1;
    %store/vec4 v0000023255292380_0, 0, 1;
    %jmp T_5.11;
T_5.10 ;
    %pushi/vec4 0, 0, 1;
    %store/vec4 v0000023255292380_0, 0, 1;
T_5.11 ;
T_5.3 ;
T_5.1 ;
    %jmp T_5;
    .thread T_5;
    .scope S_00000232551b2c60;
T_6 ;
    %wait E_0000023255214210;
    %load/vec4 v0000023255243b00_0;
    %store/vec4 v0000023255242d40_0, 0, 4;
    %pushi/vec4 0, 0, 1;
    %store/vec4 v00000232552428e0_0, 0, 1;
    %load/vec4 v0000023255243b00_0;
    %dup/vec4;
    %pushi/vec4 0, 0, 4;
    %cmp/u;
    %jmp/1 T_6.0, 6;
    %dup/vec4;
    %pushi/vec4 1, 0, 4;
    %cmp/u;
    %jmp/1 T_6.1, 6;
    %dup/vec4;
    %pushi/vec4 2, 0, 4;
    %cmp/u;
    %jmp/1 T_6.2, 6;
    %dup/vec4;
    %pushi/vec4 3, 0, 4;
    %cmp/u;
    %jmp/1 T_6.3, 6;
    %dup/vec4;
    %pushi/vec4 4, 0, 4;
    %cmp/u;
    %jmp/1 T_6.4, 6;
    %dup/vec4;
    %pushi/vec4 5, 0, 4;
    %cmp/u;
    %jmp/1 T_6.5, 6;
    %dup/vec4;
    %pushi/vec4 6, 0, 4;
    %cmp/u;
    %jmp/1 T_6.6, 6;
    %load/vec4 v0000023255243ba0_0;
    %load/vec4 v0000023255242e80_0;
    %add;
    %store/vec4 v0000023255243a60_0, 0, 16;
    %pushi/vec4 0, 0, 4;
    %store/vec4 v00000232552440a0_0, 0, 4;
    %jmp T_6.8;
T_6.0 ;
    %load/vec4 v0000023255243ba0_0;
    %load/vec4 v0000023255242e80_0;
    %add;
    %store/vec4 v0000023255243a60_0, 0, 16;
    %pushi/vec4 0, 0, 4;
    %store/vec4 v00000232552440a0_0, 0, 4;
    %jmp T_6.8;
T_6.1 ;
    %load/vec4 v0000023255243ba0_0;
    %load/vec4 v0000023255242e80_0;
    %sub;
    %store/vec4 v0000023255243a60_0, 0, 16;
    %pushi/vec4 0, 0, 4;
    %store/vec4 v00000232552440a0_0, 0, 4;
    %jmp T_6.8;
T_6.2 ;
    %load/vec4 v0000023255243ba0_0;
    %load/vec4 v0000023255242e80_0;
    %mul;
    %store/vec4 v0000023255243a60_0, 0, 16;
    %pushi/vec4 0, 0, 4;
    %store/vec4 v00000232552440a0_0, 0, 4;
    %jmp T_6.8;
T_6.3 ;
    %pushi/vec4 0, 0, 4;
    %store/vec4 v00000232552440a0_0, 0, 4;
    %jmp T_6.8;
T_6.4 ;
    %load/vec4 v0000023255243ba0_0;
    %store/vec4 v0000023255243a60_0, 0, 16;
    %pushi/vec4 0, 0, 4;
    %store/vec4 v00000232552440a0_0, 0, 4;
    %jmp T_6.8;
T_6.5 ;
    %load/vec4 v0000023255243ba0_0;
    %load/vec4 v0000023255242e80_0;
    %sub;
    %store/vec4 v0000023255243a60_0, 0, 16;
    %load/vec4 v0000023255243ba0_0;
    %load/vec4 v0000023255242e80_0;
    %cmp/e;
    %jmp/0xz  T_6.9, 4;
    %load/vec4 v0000023255242a20_0;
    %pad/u 4;
    %store/vec4 v00000232552440a0_0, 0, 4;
    %pushi/vec4 1, 0, 1;
    %store/vec4 v00000232552428e0_0, 0, 1;
    %jmp T_6.10;
T_6.9 ;
    %pushi/vec4 0, 0, 4;
    %store/vec4 v00000232552440a0_0, 0, 4;
T_6.10 ;
    %jmp T_6.8;
T_6.6 ;
    %load/vec4 v0000023255243ba0_0;
    %load/vec4 v0000023255242e80_0;
    %sub;
    %store/vec4 v0000023255243a60_0, 0, 16;
    %load/vec4 v0000023255243ba0_0;
    %load/vec4 v0000023255242e80_0;
    %cmp/ne;
    %jmp/0xz  T_6.11, 4;
    %load/vec4 v0000023255242a20_0;
    %pad/u 4;
    %store/vec4 v00000232552440a0_0, 0, 4;
    %pushi/vec4 1, 0, 1;
    %store/vec4 v00000232552428e0_0, 0, 1;
    %vpi_call 6 68 "$display", v00000232552440a0_0 {0 0 0};
    %jmp T_6.12;
T_6.11 ;
    %pushi/vec4 0, 0, 4;
    %store/vec4 v00000232552440a0_0, 0, 4;
T_6.12 ;
    %jmp T_6.8;
T_6.8 ;
    %pop/vec4 1;
    %load/vec4 v0000023255242de0_0;
    %store/vec4 v00000232552446e0_0, 0, 4;
    %load/vec4 v0000023255244320_0;
    %store/vec4 v0000023255242c00_0, 0, 4;
    %jmp T_6;
    .thread T_6;
    .scope S_00000232552278c0;
T_7 ;
    %pushi/vec4 0, 0, 4;
    %store/vec4 v000002325521c0f0_0, 0, 4;
    %pushi/vec4 1, 0, 4;
    %store/vec4 v00000232551fa900_0, 0, 4;
    %pushi/vec4 2, 0, 4;
    %store/vec4 v00000232551941a0_0, 0, 4;
    %pushi/vec4 3, 0, 4;
    %store/vec4 v0000023255227a50_0, 0, 4;
    %pushi/vec4 4, 0, 4;
    %store/vec4 v00000232551a3260_0, 0, 4;
    %pushi/vec4 5, 0, 4;
    %store/vec4 v0000023254f7ba70_0, 0, 4;
    %pushi/vec4 6, 0, 4;
    %store/vec4 v0000023254f77000_0, 0, 4;
    %end;
    .thread T_7;
    .scope S_00000232552278c0;
T_8 ;
    %pushi/vec4 0, 0, 16;
    %store/vec4 v00000232551a3440_0, 0, 16;
    %pushi/vec4 0, 0, 16;
    %store/vec4 v0000023255242230_0, 0, 16;
    %pushi/vec4 0, 0, 16;
    %store/vec4 v0000023255242690_0, 0, 16;
    %pushi/vec4 0, 0, 16;
    %store/vec4 v00000232552422d0_0, 0, 16;
    %pushi/vec4 0, 0, 16;
    %store/vec4 v0000023255241b50_0, 0, 16;
    %pushi/vec4 0, 0, 16;
    %store/vec4 v0000023255242370_0, 0, 16;
    %pushi/vec4 0, 0, 16;
    %store/vec4 v00000232552425f0_0, 0, 16;
    %pushi/vec4 0, 0, 16;
    %store/vec4 v0000023255241a10_0, 0, 16;
    %end;
    .thread T_8;
    .scope S_00000232552278c0;
T_9 ;
    %wait E_0000023255214210;
    %load/vec4 v00000232551a33a0_0;
    %store/vec4 v00000232551a3440_0, 0, 16;
    %load/vec4 v0000023255241d30_0;
    %store/vec4 v0000023255242230_0, 0, 16;
    %load/vec4 v0000023255241e70_0;
    %store/vec4 v0000023255242690_0, 0, 16;
    %load/vec4 v0000023255241f10_0;
    %store/vec4 v00000232552422d0_0, 0, 16;
    %load/vec4 v0000023255242050_0;
    %store/vec4 v0000023255241b50_0, 0, 16;
    %load/vec4 v0000023255242550_0;
    %store/vec4 v0000023255242370_0, 0, 16;
    %load/vec4 v00000232552418d0_0;
    %store/vec4 v00000232552425f0_0, 0, 16;
    %load/vec4 v0000023255242410_0;
    %store/vec4 v0000023255241a10_0, 0, 16;
    %load/vec4 v0000023255241c90_0;
    %cmpi/e 1, 0, 1;
    %jmp/0xz  T_9.0, 4;
    %vpi_call 3 81 "$display", "data received by writeback unit is ", v0000023255241bf0_0 {0 0 0};
    %load/vec4 v0000023255241ab0_0;
    %cmpi/e 0, 0, 4;
    %jmp/0xz  T_9.2, 4;
    %load/vec4 v0000023255241bf0_0;
    %assign/vec4 v00000232551a3440_0, 0;
    %jmp T_9.3;
T_9.2 ;
    %load/vec4 v0000023255241ab0_0;
    %cmpi/e 1, 0, 4;
    %jmp/0xz  T_9.4, 4;
    %load/vec4 v0000023255241bf0_0;
    %assign/vec4 v0000023255242230_0, 0;
    %jmp T_9.5;
T_9.4 ;
    %load/vec4 v0000023255241ab0_0;
    %cmpi/e 2, 0, 4;
    %jmp/0xz  T_9.6, 4;
    %load/vec4 v0000023255241bf0_0;
    %assign/vec4 v0000023255242690_0, 0;
    %jmp T_9.7;
T_9.6 ;
    %load/vec4 v0000023255241ab0_0;
    %cmpi/e 3, 0, 4;
    %jmp/0xz  T_9.8, 4;
    %load/vec4 v0000023255241bf0_0;
    %assign/vec4 v00000232552422d0_0, 0;
    %jmp T_9.9;
T_9.8 ;
    %load/vec4 v0000023255241ab0_0;
    %cmpi/e 4, 0, 4;
    %jmp/0xz  T_9.10, 4;
    %load/vec4 v0000023255241bf0_0;
    %assign/vec4 v0000023255241b50_0, 0;
    %jmp T_9.11;
T_9.10 ;
    %load/vec4 v0000023255241ab0_0;
    %cmpi/e 5, 0, 4;
    %jmp/0xz  T_9.12, 4;
    %load/vec4 v0000023255241bf0_0;
    %assign/vec4 v0000023255242370_0, 0;
    %jmp T_9.13;
T_9.12 ;
    %load/vec4 v0000023255241ab0_0;
    %cmpi/e 6, 0, 4;
    %jmp/0xz  T_9.14, 4;
    %load/vec4 v0000023255241bf0_0;
    %assign/vec4 v00000232552425f0_0, 0;
    %jmp T_9.15;
T_9.14 ;
    %load/vec4 v0000023255241ab0_0;
    %cmpi/e 7, 0, 4;
    %jmp/0xz  T_9.16, 4;
    %load/vec4 v0000023255241bf0_0;
    %assign/vec4 v0000023255241a10_0, 0;
T_9.16 ;
T_9.15 ;
T_9.13 ;
T_9.11 ;
T_9.9 ;
T_9.7 ;
T_9.5 ;
T_9.3 ;
T_9.0 ;
    %vpi_call 3 123 "$display", "reg state in wrtieback unit is : ", v00000232551a3440_0, v0000023255242230_0, v0000023255242690_0, v00000232552422d0_0, v0000023255241b50_0, v0000023255242370_0, v00000232552425f0_0, v0000023255241a10_0 {0 0 0};
    %jmp T_9;
    .thread T_9;
    .scope S_0000023255229240;
T_10 ;
    %delay 1, 0;
    %load/vec4 v0000023255243380_0;
    %inv;
    %store/vec4 v0000023255243380_0, 0, 1;
    %jmp T_10;
    .thread T_10;
    .scope S_0000023255229240;
T_11 ;
    %pushi/vec4 4294967295, 0, 32;
    %store/vec4 v0000023255244140_0, 0, 32;
    %pushi/vec4 0, 0, 1;
    %store/vec4 v0000023255244640_0, 0, 1;
    %pushi/vec4 0, 0, 1;
    %store/vec4 v0000023255243380_0, 0, 1;
    %pushi/vec4 0, 0, 8;
    %store/vec4 v0000023255246ee0_0, 0, 8;
    %pushi/vec4 5, 0, 16;
    %store/vec4 v00000232552468a0_0, 0, 16;
    %pushi/vec4 6, 0, 16;
    %store/vec4 v0000023255246760_0, 0, 16;
    %pushi/vec4 7, 0, 16;
    %store/vec4 v0000023255245a40_0, 0, 16;
    %pushi/vec4 8, 0, 16;
    %store/vec4 v0000023255246d00_0, 0, 16;
    %pushi/vec4 9, 0, 16;
    %store/vec4 v0000023255245b80_0, 0, 16;
    %pushi/vec4 10, 0, 16;
    %store/vec4 v0000023255247700_0, 0, 16;
    %pushi/vec4 11, 0, 16;
    %store/vec4 v0000023255246080_0, 0, 16;
    %pushi/vec4 12, 0, 16;
    %store/vec4 v00000232552461c0_0, 0, 16;
    %delay 2000, 0;
    %vpi_call 2 89 "$finish" {0 0 0};
    %end;
    .thread T_11;
    .scope S_0000023255229240;
T_12 ;
    %wait E_0000023255214810;
    %load/vec4 v0000023255244140_0;
    %subi 1, 0, 32;
    %store/vec4 v0000023255244140_0, 0, 32;
    %load/vec4 v00000232552436a0_0;
    %store/vec4 v00000232552443c0_0, 0, 4;
    %load/vec4 v0000023255243100_0;
    %store/vec4 v0000023255244280_0, 0, 16;
    %load/vec4 v0000023255246940_0;
    %store/vec4 v0000023255246800_0, 0, 4;
    %load/vec4 v00000232552466c0_0;
    %store/vec4 v0000023255246b20_0, 0, 4;
    %load/vec4 v0000023255246c60_0;
    %store/vec4 v0000023255245860_0, 0, 8;
    %load/vec4 v0000023255246bc0_0;
    %store/vec4 v0000023255245cc0_0, 0, 1;
    %load/vec4 v00000232552441e0_0;
    %store/vec4 v0000023255243880_0, 0, 1;
    %load/vec4 v00000232552475c0_0;
    %store/vec4 v00000232552432e0_0, 0, 16;
    %load/vec4 v00000232552475c0_0;
    %store/vec4 v0000023255243d80_0, 0, 16;
    %load/vec4 v00000232552473e0_0;
    %store/vec4 v00000232552469e0_0, 0, 4;
    %load/vec4 v00000232552475c0_0;
    %store/vec4 v0000023255247660_0, 0, 16;
    %load/vec4 v0000023255245e00_0;
    %store/vec4 v00000232552468a0_0, 0, 16;
    %load/vec4 v0000023255246580_0;
    %store/vec4 v0000023255246760_0, 0, 16;
    %load/vec4 v00000232552464e0_0;
    %store/vec4 v0000023255245a40_0, 0, 16;
    %load/vec4 v0000023255245ae0_0;
    %store/vec4 v0000023255246d00_0, 0, 16;
    %load/vec4 v0000023255245fe0_0;
    %store/vec4 v0000023255245b80_0, 0, 16;
    %load/vec4 v0000023255245d60_0;
    %store/vec4 v0000023255247700_0, 0, 16;
    %load/vec4 v0000023255246120_0;
    %store/vec4 v0000023255246080_0, 0, 16;
    %load/vec4 v0000023255246260_0;
    %store/vec4 v00000232552461c0_0, 0, 16;
    %load/vec4 v0000023255243f60_0;
    %store/vec4 v00000232552437e0_0, 0, 20;
    %load/vec4 v0000023255243f60_0;
    %cmpi/e 917504, 0, 20;
    %flag_get/vec4 4;
    %jmp/0 T_12.2, 4;
    %load/vec4 v0000023255244640_0;
    %pushi/vec4 0, 0, 1;
    %cmp/e;
    %flag_get/vec4 4;
    %and;
T_12.2;
    %flag_set/vec4 8;
    %jmp/0xz  T_12.0, 8;
    %pushi/vec4 5, 0, 32;
    %store/vec4 v0000023255244140_0, 0, 32;
    %pushi/vec4 1, 0, 1;
    %store/vec4 v0000023255244640_0, 0, 1;
T_12.0 ;
    %load/vec4 v0000023255246300_0;
    %store/vec4 v00000232552472a0_0, 0, 16;
    %load/vec4 v0000023255246440_0;
    %store/vec4 v0000023255245c20_0, 0, 16;
    %load/vec4 v0000023255247200_0;
    %store/vec4 v00000232552459a0_0, 0, 4;
    %load/vec4 v0000023255246620_0;
    %store/vec4 v0000023255245ea0_0, 0, 8;
    %load/vec4 v0000023255244000_0;
    %store/vec4 v0000023255246a80_0, 0, 4;
    %load/vec4 v0000023255244460_0;
    %store/vec4 v0000023255244500_0, 0, 4;
    %load/vec4 v00000232552445a0_0;
    %store/vec4 v0000023255243600_0, 0, 8;
    %vpi_call 2 131 "$display", "time: %d", $time {0 0 0};
    %vpi_call 2 132 "$display", "IF: current instruction is %b", v00000232552437e0_0 {0 0 0};
    %vpi_call 2 133 "$display", "ID: Destination Reg %b", v0000023255244000_0, " Data1 is ", v0000023255246300_0, " Data2 is ", v0000023255246440_0, " instrwire ", v00000232552445a0_0 {0 0 0};
    %vpi_call 2 134 "$display", "      memory line num for load/store: %b", v0000023255247200_0 {0 0 0};
    %vpi_call 2 135 "$display", "EX: Opcode out is ", v00000232552436a0_0, "Alu output is ", v0000023255243100_0, " to be written is register", v00000232552466c0_0, " load/store line num is ", v0000023255246940_0, " jump_address is ", v0000023255247520_0 {0 0 0};
    %vpi_call 2 136 "$display", "MU: Write data is", v00000232552475c0_0, " to be written in register ", v00000232552473e0_0, "checkbool is ", v00000232552441e0_0 {0 0 0};
    %vpi_call 2 141 "$display" {0 0 0};
    %vpi_call 2 142 "$display" {0 0 0};
    %load/vec4 v0000023255244140_0;
    %cmpi/e 0, 0, 32;
    %jmp/0xz  T_12.3, 4;
    %vpi_call 2 143 "$finish" {0 0 0};
T_12.3 ;
    %jmp T_12;
    .thread T_12;
# The file index is used to find the file name in the following table.
:file_names 8;
    "N/A";
    "<interactive>";
    "all.v";
    "./wb_unit.v";
    "./id_unit.v";
    "./memoryut.v";
    "./Execution_unit.v";
    "./if_unit.v";
