#! /c/Source/iverilog-install/bin/vvp
:ivl_version "12.0 (devel)" "(s20150603-1539-g2693dd32b)";
:ivl_delay_selection "TYPICAL";
:vpi_time_precision + 0;
:vpi_module "C:\iverilog\lib\ivl\system.vpi";
:vpi_module "C:\iverilog\lib\ivl\vhdl_sys.vpi";
:vpi_module "C:\iverilog\lib\ivl\vhdl_textio.vpi";
:vpi_module "C:\iverilog\lib\ivl\v2005_math.vpi";
:vpi_module "C:\iverilog\lib\ivl\va_math.vpi";
S_0000024ddb89bd70 .scope module, "memory_unit" "memory_unit" 2 3;
 .timescale 0 0;
    .port_info 0 /INPUT 1 "clkwire";
    .port_info 1 /INPUT 4 "registernum";
    .port_info 2 /INPUT 4 "instruction";
    .port_info 3 /INPUT 16 "aluoutput";
    .port_info 4 /INPUT 4 "linenum";
    .port_info 5 /OUTPUT 16 "writedata";
    .port_info 6 /OUTPUT 4 "regnum";
    .port_info 7 /OUTPUT 4 "opcode_out";
    .port_info 8 /OUTPUT 1 "checkbool";
L_0000024ddb8e76f0 .functor BUFZ 4, v0000024ddb8e29f0_0, C4<0000>, C4<0000>, C4<0000>;
L_0000024ddb8e73e0 .functor BUFZ 1, v0000024ddb8e2450_0, C4<0>, C4<0>, C4<0>;
L_0000024ddb8e6ff0 .functor BUFZ 16, v0000024ddb8e3800_0, C4<0000000000000000>, C4<0000000000000000>, C4<0000000000000000>;
L_0000024ddb8e7450 .functor BUFZ 4, v0000024ddb8e26d0_0, C4<0000>, C4<0000>, C4<0000>;
v0000024ddb89bf00 .array "Mem", 15 0, 15 0;
v0000024ddb896970_0 .var/i "a", 31 0;
o0000024ddb8edfb8 .functor BUFZ 16, C4<zzzzzzzzzzzzzzzz>; HiZ drive
v0000024ddb8e2310_0 .net "aluoutput", 15 0, o0000024ddb8edfb8;  0 drivers
v0000024ddb8e23b0_0 .net "checkbool", 0 0, L_0000024ddb8e73e0;  1 drivers
v0000024ddb8e2450_0 .var "checkboolreg", 0 0;
o0000024ddb8ee048 .functor BUFZ 1, C4<z>; HiZ drive
v0000024ddb8e24f0_0 .net "clkwire", 0 0, o0000024ddb8ee048;  0 drivers
v0000024ddb8e2590_0 .var/i "fd", 31 0;
v0000024ddb8e2630_0 .var/i "i", 31 0;
v0000024ddb8e26d0_0 .var "inst_pass", 3 0;
o0000024ddb8ee108 .functor BUFZ 4, C4<zzzz>; HiZ drive
v0000024ddb8e2770_0 .net "instruction", 3 0, o0000024ddb8ee108;  0 drivers
o0000024ddb8ee138 .functor BUFZ 4, C4<zzzz>; HiZ drive
v0000024ddb8e2810_0 .net "linenum", 3 0, o0000024ddb8ee138;  0 drivers
v0000024ddb8e28b0_0 .net "opcode_out", 3 0, L_0000024ddb8e7450;  1 drivers
o0000024ddb8ee198 .functor BUFZ 4, C4<zzzz>; HiZ drive
v0000024ddb8e2950_0 .net "registernum", 3 0, o0000024ddb8ee198;  0 drivers
v0000024ddb8e29f0_0 .var "regno", 3 0;
v0000024ddb8e3620_0 .net "regnum", 3 0, L_0000024ddb8e76f0;  1 drivers
v0000024ddb8e3800_0 .var "val", 15 0;
v0000024ddb8e39e0_0 .net "writedata", 15 0, L_0000024ddb8e6ff0;  1 drivers
E_0000024ddb8dacd0 .event posedge, v0000024ddb8e24f0_0;
    .scope S_0000024ddb89bd70;
T_0 ;
    %pushi/vec4 0, 0, 32;
    %store/vec4 v0000024ddb8e2630_0, 0, 32;
    %vpi_func 2 30 "$fopen" 32, "mem.txt", "r" {0 0 0};
    %store/vec4 v0000024ddb8e2590_0, 0, 32;
T_0.0 ;
    %vpi_func 2 31 "$feof" 32, v0000024ddb8e2590_0 {0 0 0};
    %nor/r;
    %flag_set/vec4 8;
    %jmp/0xz T_0.1, 8;
    %vpi_func 2 33 "$fscanf" 32, v0000024ddb8e2590_0, "%b", &A<v0000024ddb89bf00, v0000024ddb8e2630_0 > {0 0 0};
    %store/vec4 v0000024ddb896970_0, 0, 32;
    %load/vec4 v0000024ddb8e2630_0;
    %addi 1, 0, 32;
    %store/vec4 v0000024ddb8e2630_0, 0, 32;
    %jmp T_0.0;
T_0.1 ;
    %end;
    .thread T_0;
    .scope S_0000024ddb89bd70;
T_1 ;
    %wait E_0000024ddb8dacd0;
    %load/vec4 v0000024ddb8e2950_0;
    %store/vec4 v0000024ddb8e29f0_0, 0, 4;
    %load/vec4 v0000024ddb8e2770_0;
    %store/vec4 v0000024ddb8e26d0_0, 0, 4;
    %load/vec4 v0000024ddb8e2770_0;
    %cmpi/e 3, 0, 4;
    %jmp/0xz  T_1.0, 4;
    %load/vec4 v0000024ddb8e2810_0;
    %pad/u 32;
    %subi 1, 0, 32;
    %ix/vec4 4;
    %load/vec4a v0000024ddb89bf00, 4;
    %store/vec4 v0000024ddb8e3800_0, 0, 16;
    %pushi/vec4 1, 0, 1;
    %store/vec4 v0000024ddb8e2450_0, 0, 1;
    %jmp T_1.1;
T_1.0 ;
    %load/vec4 v0000024ddb8e2770_0;
    %cmpi/e 4, 0, 4;
    %jmp/0xz  T_1.2, 4;
    %pushi/vec4 0, 0, 1;
    %store/vec4 v0000024ddb8e2450_0, 0, 1;
    %pushi/vec4 0, 0, 16;
    %store/vec4 v0000024ddb8e3800_0, 0, 16;
    %vpi_func 2 56 "$fopen" 32, "mem.txt", "w" {0 0 0};
    %store/vec4 v0000024ddb8e2590_0, 0, 32;
    %pushi/vec4 0, 0, 32;
    %store/vec4 v0000024ddb8e2630_0, 0, 32;
T_1.4 ;
    %load/vec4 v0000024ddb8e2630_0;
    %cmpi/s 14, 0, 32;
    %flag_or 5, 4;
    %jmp/0xz T_1.5, 5;
    %load/vec4 v0000024ddb8e2630_0;
    %load/vec4 v0000024ddb8e2810_0;
    %pad/u 32;
    %subi 1, 0, 32;
    %cmp/e;
    %jmp/0xz  T_1.6, 4;
    %vpi_call 2 60 "$fdisplay", v0000024ddb8e2590_0, "%b", v0000024ddb8e2310_0 {0 0 0};
    %jmp T_1.7;
T_1.6 ;
    %vpi_call 2 61 "$fdisplay", v0000024ddb8e2590_0, "%b", &A<v0000024ddb89bf00, v0000024ddb8e2630_0 > {0 0 0};
T_1.7 ;
    %load/vec4 v0000024ddb8e2630_0;
    %addi 1, 0, 32;
    %store/vec4 v0000024ddb8e2630_0, 0, 32;
    %jmp T_1.4;
T_1.5 ;
    %vpi_call 2 63 "$fwrite", v0000024ddb8e2590_0, "%b", &A<v0000024ddb89bf00, v0000024ddb8e2630_0 > {0 0 0};
    %vpi_call 2 65 "$fclose", v0000024ddb8e2590_0 {0 0 0};
    %jmp T_1.3;
T_1.2 ;
    %load/vec4 v0000024ddb8e2770_0;
    %cmpi/e 0, 0, 4;
    %jmp/1 T_1.11, 4;
    %flag_mov 8, 4;
    %load/vec4 v0000024ddb8e2770_0;
    %cmpi/e 1, 0, 4;
    %flag_or 4, 8;
T_1.11;
    %jmp/1 T_1.10, 4;
    %flag_mov 8, 4;
    %load/vec4 v0000024ddb8e2770_0;
    %cmpi/e 2, 0, 4;
    %flag_or 4, 8;
T_1.10;
    %jmp/0xz  T_1.8, 4;
    %load/vec4 v0000024ddb8e2310_0;
    %store/vec4 v0000024ddb8e3800_0, 0, 16;
    %pushi/vec4 1, 0, 1;
    %store/vec4 v0000024ddb8e2450_0, 0, 1;
    %jmp T_1.9;
T_1.8 ;
    %pushi/vec4 0, 0, 1;
    %store/vec4 v0000024ddb8e2450_0, 0, 1;
T_1.9 ;
T_1.3 ;
T_1.1 ;
    %jmp T_1;
    .thread T_1;
# The file index is used to find the file name in the following table.
:file_names 3;
    "N/A";
    "<interactive>";
    "memoryut.v";
